  gracz.cpp
c:\users\lenovo\onedrive\git\pokergame\consoleapplication1\gracz.cpp(28): warning C4267: 'return': conversion from 'size_t' to 'int', possible loss of data
c:\users\lenovo\onedrive\git\pokergame\consoleapplication1\gracz.cpp(34): error C2679: binary '<<': no operator found which takes a right-hand operand of type 'std::vector<Karta,std::allocator<_Ty>>' (or there is no acceptable conversion)
          with
          [
              _Ty=Karta
          ]
  c:\visual studio 2017\vc\tools\msvc\14.13.26128\include\ostream(487): note: could be 'std::basic_ostream<char,std::char_traits<char>> &std::basic_ostream<char,std::char_traits<char>>::operator <<(std::basic_streambuf<char,std::char_traits<char>> *)'
  c:\visual studio 2017\vc\tools\msvc\14.13.26128\include\ostream(467): note: or       'std::basic_ostream<char,std::char_traits<char>> &std::basic_ostream<char,std::char_traits<char>>::operator <<(const void *)'
  c:\visual studio 2017\vc\tools\msvc\14.13.26128\include\ostream(447): note: or       'std::basic_ostream<char,std::char_traits<char>> &std::basic_ostream<char,std::char_traits<char>>::operator <<(long double)'
  c:\visual studio 2017\vc\tools\msvc\14.13.26128\include\ostream(427): note: or       'std::basic_ostream<char,std::char_traits<char>> &std::basic_ostream<char,std::char_traits<char>>::operator <<(double)'
  c:\visual studio 2017\vc\tools\msvc\14.13.26128\include\ostream(407): note: or       'std::basic_ostream<char,std::char_traits<char>> &std::basic_ostream<char,std::char_traits<char>>::operator <<(float)'
  c:\visual studio 2017\vc\tools\msvc\14.13.26128\include\ostream(387): note: or       'std::basic_ostream<char,std::char_traits<char>> &std::basic_ostream<char,std::char_traits<char>>::operator <<(unsigned __int64)'
  c:\visual studio 2017\vc\tools\msvc\14.13.26128\include\ostream(367): note: or       'std::basic_ostream<char,std::char_traits<char>> &std::basic_ostream<char,std::char_traits<char>>::operator <<(__int64)'
  c:\visual studio 2017\vc\tools\msvc\14.13.26128\include\ostream(347): note: or       'std::basic_ostream<char,std::char_traits<char>> &std::basic_ostream<char,std::char_traits<char>>::operator <<(unsigned long)'
  c:\visual studio 2017\vc\tools\msvc\14.13.26128\include\ostream(327): note: or       'std::basic_ostream<char,std::char_traits<char>> &std::basic_ostream<char,std::char_traits<char>>::operator <<(long)'
  c:\visual studio 2017\vc\tools\msvc\14.13.26128\include\ostream(307): note: or       'std::basic_ostream<char,std::char_traits<char>> &std::basic_ostream<char,std::char_traits<char>>::operator <<(unsigned int)'
  c:\visual studio 2017\vc\tools\msvc\14.13.26128\include\ostream(282): note: or       'std::basic_ostream<char,std::char_traits<char>> &std::basic_ostream<char,std::char_traits<char>>::operator <<(int)'
  c:\visual studio 2017\vc\tools\msvc\14.13.26128\include\ostream(262): note: or       'std::basic_ostream<char,std::char_traits<char>> &std::basic_ostream<char,std::char_traits<char>>::operator <<(unsigned short)'
  c:\visual studio 2017\vc\tools\msvc\14.13.26128\include\ostream(228): note: or       'std::basic_ostream<char,std::char_traits<char>> &std::basic_ostream<char,std::char_traits<char>>::operator <<(short)'
  c:\visual studio 2017\vc\tools\msvc\14.13.26128\include\ostream(208): note: or       'std::basic_ostream<char,std::char_traits<char>> &std::basic_ostream<char,std::char_traits<char>>::operator <<(bool)'
  c:\visual studio 2017\vc\tools\msvc\14.13.26128\include\ostream(202): note: or       'std::basic_ostream<char,std::char_traits<char>> &std::basic_ostream<char,std::char_traits<char>>::operator <<(std::ios_base &(__cdecl *)(std::ios_base &))'
  c:\visual studio 2017\vc\tools\msvc\14.13.26128\include\ostream(196): note: or       'std::basic_ostream<char,std::char_traits<char>> &std::basic_ostream<char,std::char_traits<char>>::operator <<(std::basic_ios<char,std::char_traits<char>> &(__cdecl *)(std::basic_ios<char,std::char_traits<char>> &))'
  c:\visual studio 2017\vc\tools\msvc\14.13.26128\include\ostream(191): note: or       'std::basic_ostream<char,std::char_traits<char>> &std::basic_ostream<char,std::char_traits<char>>::operator <<(std::basic_ostream<char,std::char_traits<char>> &(__cdecl *)(std::basic_ostream<char,std::char_traits<char>> &))'
  c:\visual studio 2017\vc\tools\msvc\14.13.26128\include\ostream(1008): note: or       'std::basic_ostream<char,std::char_traits<char>> &std::operator <<<char,std::char_traits<char>>(std::basic_ostream<char,std::char_traits<char>> &,const std::error_code &)'
  c:\visual studio 2017\vc\tools\msvc\14.13.26128\include\ostream(970): note: or       'std::basic_ostream<char,std::char_traits<char>> &std::operator <<<char,std::char_traits<char>,std::vector<Karta,std::allocator<_Ty>>>(std::basic_ostream<char,std::char_traits<char>> &&,const std::vector<_Ty,std::allocator<_Ty>> &)'
          with
          [
              _Ty=Karta
          ]
  c:\visual studio 2017\vc\tools\msvc\14.13.26128\include\ostream(960): note: or       'std::basic_ostream<char,std::char_traits<char>> &std::operator <<<std::char_traits<char>>(std::basic_ostream<char,std::char_traits<char>> &,unsigned char)'
  c:\visual studio 2017\vc\tools\msvc\14.13.26128\include\ostream(953): note: or       'std::basic_ostream<char,std::char_traits<char>> &std::operator <<<std::char_traits<char>>(std::basic_ostream<char,std::char_traits<char>> &,const unsigned char *)'
  c:\visual studio 2017\vc\tools\msvc\14.13.26128\include\ostream(946): note: or       'std::basic_ostream<char,std::char_traits<char>> &std::operator <<<std::char_traits<char>>(std::basic_ostream<char,std::char_traits<char>> &,signed char)'
  c:\visual studio 2017\vc\tools\msvc\14.13.26128\include\ostream(939): note: or       'std::basic_ostream<char,std::char_traits<char>> &std::operator <<<std::char_traits<char>>(std::basic_ostream<char,std::char_traits<char>> &,const signed char *)'
  c:\visual studio 2017\vc\tools\msvc\14.13.26128\include\ostream(813): note: or       'std::basic_ostream<char,std::char_traits<char>> &std::operator <<<std::char_traits<char>>(std::basic_ostream<char,std::char_traits<char>> &,char)'
  c:\visual studio 2017\vc\tools\msvc\14.13.26128\include\ostream(766): note: or       'std::basic_ostream<char,std::char_traits<char>> &std::operator <<<std::char_traits<char>>(std::basic_ostream<char,std::char_traits<char>> &,const char *)'
  c:\visual studio 2017\vc\tools\msvc\14.13.26128\include\ostream(728): note: or       'std::basic_ostream<char,std::char_traits<char>> &std::operator <<<char,std::char_traits<char>>(std::basic_ostream<char,std::char_traits<char>> &,char)'
  c:\visual studio 2017\vc\tools\msvc\14.13.26128\include\ostream(681): note: or       'std::basic_ostream<char,std::char_traits<char>> &std::operator <<<char,std::char_traits<char>>(std::basic_ostream<char,std::char_traits<char>> &,const char *)'
  c:\users\lenovo\onedrive\git\pokergame\consoleapplication1\gracz.cpp(34): note: while trying to match the argument list '(std::ostream, std::vector<Karta,std::allocator<_Ty>>)'
          with
          [
              _Ty=Karta
          ]
